<?xml version="1.0" encoding="UTF-8"?>
<!-- Generated by org.testng.reporters.JUnitReportReporter -->
<testsuite name="test.AssessmentTest" tests="4" time="12.066" ignored="0" failures="0" timestamp="04 Jun 2017 23:44:35 GMT" skipped="0" hostname="Vigneshs-MBP.fios-router.home" errors="0">
  <testcase name="verifySearchResultGreaterThanZero" time="1.868" classname="test.AssessmentTest"/>
  <testcase name="verifySearchPriceMatchesViewDetailsPrice" time="2.112" classname="test.AssessmentTest"/>
  <testcase name="verifySearchPriceMatchesViewDetailsPrice" time="3.421" classname="test.AssessmentTest"/>
  <testcase name="verifySearchResultGreaterThanZero" time="4.665" classname="test.AssessmentTest"/>
</testsuite> <!-- test.AssessmentTest -->
